<?xml version="1.0" encoding="UTF-8" ?>

<testsuite failures="0" time="1.656" errors="0" skipped="0" tests="7" name="BasicTest">
  <testcase classname="BasicTest" name="postComments" time="0.152">
      </testcase>
  <testcase classname="BasicTest" name="createPost" time="0.229">
      </testcase>
  <testcase classname="BasicTest" name="aVeryImportantThingToTest" time="0.18">
      </testcase>
  <testcase classname="BasicTest" name="createAndRetrieveUser" time="0.104">
      </testcase>
  <testcase classname="BasicTest" name="tryConnectAsUser" time="0.143">
      </testcase>
  <testcase classname="BasicTest" name="fullTest" time="0.688">
      </testcase>
  <testcase classname="BasicTest" name="useTheCommentsRelation" time="0.16">
      </testcase>
</testsuite>
